<?xml version="1.0" encoding="UTF-8"?>
<!-- Generated by org.testng.reporters.JUnitXMLReporter -->
<testsuite ignored="0" hostname="Latitude-E6320" failures="0" tests="3" name="2-wait" time="1.586" errors="0" timestamp="04 Jun 2024 02:14:12 GMT">
  <testcase classname="org.testing.testScripts.TC5_Delete_restapiexample" name="tc5" time="0.502"/>
  <testcase classname="org.testing.testScripts.TC4_Put_restapiexample" name="tc4" time="0.488"/>
  <testcase classname="org.testing.testScripts.TC3_GetParticular_restapiexample" name="tc3" time="0.589"/>
</testsuite> <!-- 2-wait -->
