<?xml version="1.0" encoding="UTF-8"?>
<testng-results ignored="0" total="1" passed="1" failed="0" skipped="0">
  <reporter-output>
  </reporter-output>
  <suite started-at="2024-06-21T00:15:09Z" name="Suite" finished-at="2024-06-21T00:15:12Z" duration-ms="2864">
    <groups>
    </groups>
    <test started-at="2024-06-21T00:15:09Z" name="Test" finished-at="2024-06-21T00:15:12Z" duration-ms="2864">
      <class name="org.testing.testScripts.TC1_PostRequest_randomNum">
        <test-method signature="testCase1()[pri:0, instance:org.testing.testScripts.TC1_PostRequest_randomNum@95e33cc]" started-at="2024-06-20T19:15:09Z" name="testCase1" finished-at="2024-06-20T19:15:12Z" duration-ms="2835" status="PASS">
          <reporter-output>
          </reporter-output>
        </test-method> <!-- testCase1 -->
      </class> <!-- org.testing.testScripts.TC1_PostRequest_randomNum -->
    </test> <!-- Test -->
  </suite> <!-- Suite -->
</testng-results>
